Using pre-set license
Built from '2020.3/staging' branch; Version is '2020.3.3f1 (76626098c1c4) revision 7758432'; Using compiler version '192528614'; Build Type 'Release'
OS: 'Windows 10 Home; OS build 19042.985; Version 2009; 64bit' Language: 'en' Physical Memory: 16222 MB
BatchMode: 1, IsHumanControllingUs: 0, StartBugReporterOnCrash: 0, Is64bit: 1, IsPro: 0

 COMMAND LINE ARGUMENTS:
D:\Programas\Unity\Editor\2020.3.3f1\Editor\Unity.exe
-adb2
-batchMode
-noUpm
-name
AssetImportWorker0
-projectPath
D:/unityfiles/RA_IHC_Project/IHC-Project/Proyect_Model
-logFile
Logs/AssetImportWorker0.log
-srvPort
60857
Successfully changed project path to: D:/unityfiles/RA_IHC_Project/IHC-Project/Proyect_Model
D:/unityfiles/RA_IHC_Project/IHC-Project/Proyect_Model
Using Asset Import Pipeline V2.
Refreshing native plugins compatible for Editor in 22.63 ms, found 0 plugins.
Preloading 0 native plugins for Editor in 0.00 ms.
Initialize engine version: 2020.3.3f1 (76626098c1c4)
[Subsystems] Discovering subsystems at path D:/Programas/Unity/Editor/2020.3.3f1/Editor/Data/Resources/UnitySubsystems
[Subsystems] Discovering subsystems at path D:/unityfiles/RA_IHC_Project/IHC-Project/Proyect_Model/Assets
GfxDevice: creating device client; threaded=0
Direct3D:
    Version:  Direct3D 11.0 [level 11.1]
    Renderer: NVIDIA GeForce RTX 2060 (ID=0x1f11)
    Vendor:   
    VRAM:     5980 MB
    Driver:   27.21.14.6627
Initialize mono
Mono path[0] = 'D:/Programas/Unity/Editor/2020.3.3f1/Editor/Data/Managed'
Mono path[1] = 'D:/Programas/Unity/Editor/2020.3.3f1/Editor/Data/MonoBleedingEdge/lib/mono/unityjit'
Mono config path = 'D:/Programas/Unity/Editor/2020.3.3f1/Editor/Data/MonoBleedingEdge/etc'
Using monoOptions --debugger-agent=transport=dt_socket,embedding=1,server=y,suspend=n,address=127.0.0.1:56364
Begin MonoManager ReloadAssembly
Registering precompiled unity dll's ...
Register platform support module: D:/Programas/Unity/Editor/2020.3.3f1/Editor/Data/PlaybackEngines/WindowsStandaloneSupport/UnityEditor.WindowsStandalone.Extensions.dll
Registered in 0.001074 seconds.
Native extension for WindowsStandalone target not found
Refreshing native plugins compatible for Editor in 20.41 ms, found 0 plugins.
Preloading 0 native plugins for Editor in 0.00 ms.
Invoked RoslynAnalysisRunner static constructor.
RoslynAnalysisRunner will not be running.
RoslynAnalysisRunner has terminated.
Mono: successfully reloaded assembly
- Completed reload, in  1.299 seconds
Platform modules already initialized, skipping
Registering precompiled user dll's ...
Registered in 0.000751 seconds.
Begin MonoManager ReloadAssembly
Native extension for WindowsStandalone target not found
Refreshing native plugins compatible for Editor in 0.18 ms, found 0 plugins.
Preloading 0 native plugins for Editor in 0.00 ms.
Invoked RoslynAnalysisRunner static constructor.
RoslynAnalysisRunner will not be running.
RoslynAnalysisRunner has terminated.
Mono: successfully reloaded assembly
- Completed reload, in  0.701 seconds
Platform modules already initialized, skipping
========================================================================
Worker process is ready to serve import requests
Launched and connected shader compiler UnityShaderCompiler.exe after 0.05 seconds
Refreshing native plugins compatible for Editor in 0.19 ms, found 0 plugins.
Preloading 0 native plugins for Editor in 0.00 ms.
Unloading 1118 Unused Serialized files (Serialized files now loaded: 0)
System memory in use before: 58.4 MB.
System memory in use after: 58.5 MB.

Unloading 9 unused Assets to reduce memory usage. Loaded Objects now: 1566.
Total: 1.746500 ms (FindLiveObjects: 0.116200 ms CreateObjectMapping: 0.032000 ms MarkObjects: 1.536800 ms  DeleteObjects: 0.060700 ms)

========================================================================
Received Import Request.
  path: Assets/Museo/Materiales/Perro.mat
  artifactKey: Guid(295c74ba174ea2f47a07a36b77acf6be) Importer(815301076,1909f56bfc062723c751e8b465ee728b)
Start importing Assets/Museo/Materiales/Perro.mat using Guid(295c74ba174ea2f47a07a36b77acf6be) Importer(815301076,1909f56bfc062723c751e8b465ee728b)  -> (artifact id: '590edef1ca2cfc89aa4780fdce06a981') in 0.209914 seconds
  Import took 0.211711 seconds .

========================================================================
Received Import Request.
  Time since last request: 0.000356 seconds.
  path: Assets/Museo/Materiales/Buda.mat
  artifactKey: Guid(dc36a2f04da7d55488922b7292b100ea) Importer(815301076,1909f56bfc062723c751e8b465ee728b)
Start importing Assets/Museo/Materiales/Buda.mat using Guid(dc36a2f04da7d55488922b7292b100ea) Importer(815301076,1909f56bfc062723c751e8b465ee728b)  -> (artifact id: 'be7434b5ce53271e8893acb4b0f280f3') in 0.054669 seconds
  Import took 0.056230 seconds .

========================================================================
Received Import Request.
  Time since last request: 17.868946 seconds.
  path: Assets/Arbol.obj
  artifactKey: Guid(56f8785f6aadfe74ea0232d125dfd8e1) Importer(815301076,1909f56bfc062723c751e8b465ee728b)
Start importing Assets/Arbol.obj using Guid(56f8785f6aadfe74ea0232d125dfd8e1) Importer(815301076,1909f56bfc062723c751e8b465ee728b)  -> (artifact id: '42da04bf76f23657f7cf446a712fa129') in 0.122791 seconds
  Import took 0.125684 seconds .

========================================================================
Received Import Request.
  Time since last request: 0.000348 seconds.
  path: Assets/Tree.prefab
  artifactKey: Guid(ddb2539a5fb1a674a9505a87d0d23202) Importer(815301076,1909f56bfc062723c751e8b465ee728b)
Start importing Assets/Tree.prefab using Guid(ddb2539a5fb1a674a9505a87d0d23202) Importer(815301076,1909f56bfc062723c751e8b465ee728b)  -> (artifact id: '390dfed9cf777839ddd25785d679fd28') in 0.041884 seconds
  Import took 0.043581 seconds .

========================================================================
Received Import Request.
  Time since last request: 0.000349 seconds.
  path: Assets/Camara.obj
  artifactKey: Guid(19c6f1e87ace05444a16f1f98640be82) Importer(815301076,1909f56bfc062723c751e8b465ee728b)
Start importing Assets/Camara.obj using Guid(19c6f1e87ace05444a16f1f98640be82) Importer(815301076,1909f56bfc062723c751e8b465ee728b)  -> (artifact id: '2aa4ce9e2278431e6c4887db3afbd544') in 0.040943 seconds
  Import took 0.042542 seconds .

========================================================================
Received Import Request.
  Time since last request: 5.205005 seconds.
  path: Assets/Museo
  artifactKey: Guid(c2e83aaefe612b04eb9ab3e46a53b750) Importer(815301076,1909f56bfc062723c751e8b465ee728b)
Start importing Assets/Museo using Guid(c2e83aaefe612b04eb9ab3e46a53b750) Importer(815301076,1909f56bfc062723c751e8b465ee728b)  -> (artifact id: 'f55c9eb640080e9cffc67433a6a6ad29') in 0.001246 seconds
  Import took 0.002982 seconds .

========================================================================
Received Import Request.
  Time since last request: 0.009720 seconds.
  path: Assets/Museo
  artifactKey: Guid(c2e83aaefe612b04eb9ab3e46a53b750) Importer(815301076,1909f56bfc062723c751e8b465ee728b)
Start importing Assets/Museo using Guid(c2e83aaefe612b04eb9ab3e46a53b750) Importer(815301076,1909f56bfc062723c751e8b465ee728b)  -> (artifact id: 'f55c9eb640080e9cffc67433a6a6ad29') in 0.001059 seconds
  Import took 0.002625 seconds .

========================================================================
Received Import Request.
  Time since last request: 4.004412 seconds.
  path: Assets/Scenes
  artifactKey: Guid(a353b62518955924b9a599ff9573b48b) Importer(815301076,1909f56bfc062723c751e8b465ee728b)
Start importing Assets/Scenes using Guid(a353b62518955924b9a599ff9573b48b) Importer(815301076,1909f56bfc062723c751e8b465ee728b)  -> (artifact id: 'b9beefbf485a5887f7536fecbebffd31') in 0.001660 seconds
  Import took 0.003886 seconds .

========================================================================
Received Import Request.
  Time since last request: 0.992540 seconds.
  path: Assets/Scenes/SampleScene.unity
  artifactKey: Guid(9fc0d4010bbf28b4594072e72b8655ab) Importer(815301076,1909f56bfc062723c751e8b465ee728b)
Start importing Assets/Scenes/SampleScene.unity using Guid(9fc0d4010bbf28b4594072e72b8655ab) Importer(815301076,1909f56bfc062723c751e8b465ee728b)  -> (artifact id: 'c602c71b3f64367a60a61c805e3681c4') in 0.002344 seconds
  Import took 0.004686 seconds .

========================================================================
Received Import Request.
  Time since last request: 8.165256 seconds.
  path: Assets/Scenes/Scena1.unity
  artifactKey: Guid(9fc0d4010bbf28b4594072e72b8655ab) Importer(815301076,1909f56bfc062723c751e8b465ee728b)
Start importing Assets/Scenes/Scena1.unity using Guid(9fc0d4010bbf28b4594072e72b8655ab) Importer(815301076,1909f56bfc062723c751e8b465ee728b)  -> (artifact id: 'd551187258dd5fd6f35bb4a08104d036') in 0.003873 seconds
  Import took 0.006781 seconds .

========================================================================
Received Import Request.
  Time since last request: 1.933286 seconds.
  path: Assets/Scenes/SampleSceneSettings.lighting
  artifactKey: Guid(c3f6eafb36136b74ca51c85ba07b6215) Importer(815301076,1909f56bfc062723c751e8b465ee728b)
Start importing Assets/Scenes/SampleSceneSettings.lighting using Guid(c3f6eafb36136b74ca51c85ba07b6215) Importer(815301076,1909f56bfc062723c751e8b465ee728b)  -> (artifact id: '53144ff59cd61a618cd3fa73391ad1b2') in 0.003304 seconds
  Import took 0.005383 seconds .

========================================================================
Received Import Request.
  Time since last request: 0.015546 seconds.
  path: Assets/Scenes/SampleSceneSettings.lighting
  artifactKey: Guid(c3f6eafb36136b74ca51c85ba07b6215) Importer(815301076,1909f56bfc062723c751e8b465ee728b)
Start importing Assets/Scenes/SampleSceneSettings.lighting using Guid(c3f6eafb36136b74ca51c85ba07b6215) Importer(815301076,1909f56bfc062723c751e8b465ee728b)  -> (artifact id: '53144ff59cd61a618cd3fa73391ad1b2') in 0.001457 seconds
  Import took 0.003268 seconds .

========================================================================
Received Import Request.
  Time since last request: 5.747262 seconds.
  path: Assets/Scenes/Scena1.lighting
  artifactKey: Guid(c3f6eafb36136b74ca51c85ba07b6215) Importer(815301076,1909f56bfc062723c751e8b465ee728b)
Start importing Assets/Scenes/Scena1.lighting using Guid(c3f6eafb36136b74ca51c85ba07b6215) Importer(815301076,1909f56bfc062723c751e8b465ee728b)  -> (artifact id: 'eb5a7c45a66fb5bd550cdee9d3670348') in 0.001775 seconds
  Import took 0.003507 seconds .

========================================================================
Received Import Request.
  Time since last request: 60.708550 seconds.
  path: Assets/3D
  artifactKey: Guid(f53c96368ef48f0409f550b1c99d783e) Importer(815301076,1909f56bfc062723c751e8b465ee728b)
Start importing Assets/3D using Guid(f53c96368ef48f0409f550b1c99d783e) Importer(815301076,1909f56bfc062723c751e8b465ee728b)  -> (artifact id: '21c8d569c690355ac6ae6684281f75e8') in 0.001222 seconds
  Import took 0.002888 seconds .

========================================================================
Received Import Request.
  Time since last request: 0.326077 seconds.
  path: Assets/3D/Islas4.prefab
  artifactKey: Guid(aee37967493cf1948b8fbed907072884) Importer(815301076,1909f56bfc062723c751e8b465ee728b)
Start importing Assets/3D/Islas4.prefab using Guid(aee37967493cf1948b8fbed907072884) Importer(815301076,1909f56bfc062723c751e8b465ee728b)  -> (artifact id: '8ddcc97a02f535202b946d0315a07553') in 0.014690 seconds
  Import took 0.016681 seconds .

========================================================================
Received Import Request.
  Time since last request: 0.000358 seconds.
  path: Assets/3D/islasprueba4.dae
  artifactKey: Guid(cbc8abe6fea078a46b564af117e57020) Importer(815301076,1909f56bfc062723c751e8b465ee728b)
Start importing Assets/3D/islasprueba4.dae using Guid(cbc8abe6fea078a46b564af117e57020) Importer(815301076,1909f56bfc062723c751e8b465ee728b)  -> (artifact id: 'c7bd5ead34ce90d86d62dc7919a2b606') in 0.114150 seconds
  Import took 0.115792 seconds .

========================================================================
Received Import Request.
  Time since last request: 0.000345 seconds.
  path: Assets/3D/islasprueba5.dae
  artifactKey: Guid(61cf2de8860993341983296565e3a530) Importer(815301076,1909f56bfc062723c751e8b465ee728b)
Start importing Assets/3D/islasprueba5.dae using Guid(61cf2de8860993341983296565e3a530) Importer(815301076,1909f56bfc062723c751e8b465ee728b)  -> (artifact id: 'ef088de56b2a7fac3b780663acd98144') in 0.099158 seconds
  Import took 0.100799 seconds .

AssetImportWorkerClient::OnTransportError - code=2 error=End of file
