Using pre-set license
Built from '2020.3/staging' branch; Version is '2020.3.3f1 (76626098c1c4) revision 7758432'; Using compiler version '192528614'; Build Type 'Release'
OS: 'Windows 10 Home; OS build 19042.985; Version 2009; 64bit' Language: 'en' Physical Memory: 16222 MB
BatchMode: 1, IsHumanControllingUs: 0, StartBugReporterOnCrash: 0, Is64bit: 1, IsPro: 0

 COMMAND LINE ARGUMENTS:
D:\Programas\Unity\Editor\2020.3.3f1\Editor\Unity.exe
-adb2
-batchMode
-noUpm
-name
AssetImportWorker0
-projectPath
D:/unityfiles/RA_IHC_Project/IHC-Project/Proyect_Model
-logFile
Logs/AssetImportWorker0.log
-srvPort
60967
Successfully changed project path to: D:/unityfiles/RA_IHC_Project/IHC-Project/Proyect_Model
D:/unityfiles/RA_IHC_Project/IHC-Project/Proyect_Model
Using Asset Import Pipeline V2.
Refreshing native plugins compatible for Editor in 21.29 ms, found 0 plugins.
Preloading 0 native plugins for Editor in 0.00 ms.
Initialize engine version: 2020.3.3f1 (76626098c1c4)
[Subsystems] Discovering subsystems at path D:/Programas/Unity/Editor/2020.3.3f1/Editor/Data/Resources/UnitySubsystems
[Subsystems] Discovering subsystems at path D:/unityfiles/RA_IHC_Project/IHC-Project/Proyect_Model/Assets
GfxDevice: creating device client; threaded=0
Direct3D:
    Version:  Direct3D 11.0 [level 11.1]
    Renderer: NVIDIA GeForce RTX 2060 (ID=0x1f11)
    Vendor:   
    VRAM:     5980 MB
    Driver:   27.21.14.6627
Initialize mono
Mono path[0] = 'D:/Programas/Unity/Editor/2020.3.3f1/Editor/Data/Managed'
Mono path[1] = 'D:/Programas/Unity/Editor/2020.3.3f1/Editor/Data/MonoBleedingEdge/lib/mono/unityjit'
Mono config path = 'D:/Programas/Unity/Editor/2020.3.3f1/Editor/Data/MonoBleedingEdge/etc'
Using monoOptions --debugger-agent=transport=dt_socket,embedding=1,server=y,suspend=n,address=127.0.0.1:56388
Begin MonoManager ReloadAssembly
Registering precompiled unity dll's ...
Register platform support module: D:/Programas/Unity/Editor/2020.3.3f1/Editor/Data/PlaybackEngines/WindowsStandaloneSupport/UnityEditor.WindowsStandalone.Extensions.dll
Registered in 0.001063 seconds.
Native extension for WindowsStandalone target not found
Refreshing native plugins compatible for Editor in 21.03 ms, found 0 plugins.
Preloading 0 native plugins for Editor in 0.00 ms.
Invoked RoslynAnalysisRunner static constructor.
RoslynAnalysisRunner will not be running.
RoslynAnalysisRunner has terminated.
Mono: successfully reloaded assembly
- Completed reload, in  1.348 seconds
Platform modules already initialized, skipping
Registering precompiled user dll's ...
Registered in 0.000517 seconds.
Begin MonoManager ReloadAssembly
Native extension for WindowsStandalone target not found
Refreshing native plugins compatible for Editor in 0.18 ms, found 0 plugins.
Preloading 0 native plugins for Editor in 0.00 ms.
Invoked RoslynAnalysisRunner static constructor.
RoslynAnalysisRunner will not be running.
RoslynAnalysisRunner has terminated.
Mono: successfully reloaded assembly
- Completed reload, in  0.712 seconds
Platform modules already initialized, skipping
========================================================================
Worker process is ready to serve import requests
Launched and connected shader compiler UnityShaderCompiler.exe after 0.05 seconds
Refreshing native plugins compatible for Editor in 0.19 ms, found 0 plugins.
Preloading 0 native plugins for Editor in 0.00 ms.
Unloading 1123 Unused Serialized files (Serialized files now loaded: 0)
System memory in use before: 59.1 MB.
System memory in use after: 59.2 MB.

Unloading 9 unused Assets to reduce memory usage. Loaded Objects now: 1571.
Total: 1.763600 ms (FindLiveObjects: 0.114400 ms CreateObjectMapping: 0.030600 ms MarkObjects: 1.557600 ms  DeleteObjects: 0.059800 ms)

========================================================================
Received Import Request.
  path: Assets/Scenes/InitialMenu.unity
  artifactKey: Guid(a06ec0182f4c75049828843c972d9ddf) Importer(815301076,1909f56bfc062723c751e8b465ee728b)
Start importing Assets/Scenes/InitialMenu.unity using Guid(a06ec0182f4c75049828843c972d9ddf) Importer(815301076,1909f56bfc062723c751e8b465ee728b)  -> (artifact id: '12e48f0aec05461bf0d2f0ae084122a4') in 0.008616 seconds
  Import took 0.010178 seconds .

========================================================================
Received Import Request.
  Time since last request: 0.196023 seconds.
  path: Assets/Scenes/ArquitecExpo.unity
  artifactKey: Guid(a452fcc6f1bdbdf4b918add8a8b612e4) Importer(815301076,1909f56bfc062723c751e8b465ee728b)
Start importing Assets/Scenes/ArquitecExpo.unity using Guid(a452fcc6f1bdbdf4b918add8a8b612e4) Importer(815301076,1909f56bfc062723c751e8b465ee728b)  -> (artifact id: '46ebf3729bf3a05a5efea908a96119b9') in 0.002064 seconds
  Import took 0.004263 seconds .

AssetImportWorkerClient::OnTransportError - code=2 error=End of file
